<?xml version="1.0" encoding="UTF-8"?>
<!-- Generated by org.testng.reporters.JUnitXMLReporter -->
<testsuite ignored="0" hostname="APPLEs-MacBook-Pro.local" failures="0" tests="4" name="Place Order" time="120.286" errors="0" timestamp="2025-02-10T23:24:22 IST">
  <testcase classname="ecommerce.tests.SubmitOrderTest" name="purchaseOrder" time="25.367"/>
  <testcase classname="ecommerce.tests.SubmitOrderTest" name="purchaseOrder" time="15.46">
    <skipped/>
  </testcase> <!-- purchaseOrder -->
  <testcase classname="ecommerce.tests.SubmitOrderTest" name="purchaseOrder" time="25.323"/>
  <testcase classname="ecommerce.tests.SubmitOrderTest" name="OrderHistory" time="10.164"/>
</testsuite> <!-- Place Order -->
