<?xml version="1.0" encoding="UTF-8"?>
<!-- Generated by org.testng.reporters.JUnitXMLReporter -->
<testsuite ignored="0" hostname="APPLEs-MacBook-Pro.local" failures="0" tests="2" name="ErrorValidationTest" time="7.318" errors="0" timestamp="2025-02-13T19:18:25 IST">
  <testcase classname="ecommerce.tests.ErrorValidationTest" name="UnsuccessLogin" time="0.739"/>
  <testcase classname="ecommerce.tests.ErrorValidationTest" name="productErrorTest" time="2.981"/>
</testsuite> <!-- ErrorValidationTest -->
