<?xml version="1.0" encoding="UTF-8"?>
<!-- Generated by org.testng.reporters.JUnitXMLReporter -->
<testsuite ignored="0" hostname="APPLEs-MacBook-Pro.local" failures="0" tests="3" name="Place Order" time="18.867" errors="0" timestamp="2025-02-13T19:18:37 IST">
  <testcase classname="ecommerce.tests.SubmitOrderTest" name="purchaseOrder" time="4.355"/>
  <testcase classname="ecommerce.tests.SubmitOrderTest" name="purchaseOrder" time="5.982"/>
  <testcase classname="ecommerce.tests.SubmitOrderTest" name="OrderHistory" time="1.321"/>
</testsuite> <!-- Place Order -->
